#
# There is insufficient memory for the Java Runtime Environment to continue.
# Native memory allocation (mmap) failed to map 199229440 bytes for G1 virtual space
# Possible reasons:
#   The system is out of physical RAM or swap space
#   The process is running with CompressedOops enabled, and the Java Heap may be blocking the growth of the native heap
# Possible solutions:
#   Reduce memory load on the system
#   Increase physical memory or swap space
#   Check if swap backing store is full
#   Decrease Java heap size (-Xmx/-Xms)
#   Decrease number of Java threads
#   Decrease Java thread stack sizes (-Xss)
#   Set larger code cache with -XX:ReservedCodeCacheSize=
#   JVM is running with Zero Based Compressed Oops mode in which the Java heap is
#     placed in the first 32GB address space. The Java Heap base address is the
#     maximum limit for the native heap growth. Please use -XX:HeapBaseMinAddress
#     to set the Java Heap base and to place the Java Heap above 32GB virtual address.
# This output file may be truncated or incomplete.
#
#  Out of Memory Error (os_windows.cpp:3600), pid=4736, tid=1328
#
# JRE version:  (21.0.2+13) (build )
# Java VM: Java HotSpot(TM) 64-Bit Server VM (21.0.2+13-LTS-58, mixed mode, sharing, tiered, compressed oops, compressed class ptrs, g1 gc, windows-amd64)
# No core dump will be written. Minidumps are not enabled by default on client versions of Windows
#

---------------  S U M M A R Y ------------

Command Line: C:\Users\mrarr\AppData\Local\Temp\surefire4352506367855866414\surefirebooter18087817717624634378.jar C:\Users\mrarr\AppData\Local\Temp\surefire4352506367855866414 2024-06-10T20-21-40_831-jvmRun1 surefire2167574263639124544tmp surefire_09993631793179771104tmp

Host: Intel(R) Core(TM) i3-6006U CPU @ 2.00GHz, 4 cores, 11G,  Windows 10 , 64 bit Build 19041 (10.0.19041.3636)
Time: Mon Jun 10 20:21:48 2024 SE Asia Standard Time elapsed time: 0.076792 seconds (0d 0h 0m 0s)

---------------  T H R E A D  ---------------

Current thread (0x000002185159d5a0):  JavaThread "Unknown thread" [_thread_in_vm, id=1328, stack(0x000000fec6a00000,0x000000fec6b00000) (1024K)]

Stack: [0x000000fec6a00000,0x000000fec6b00000]
Native frames: (J=compiled Java code, j=interpreted, Vv=VM code, C=native code)
V  [jvm.dll+0x6cade9]
V  [jvm.dll+0x8569c1]
V  [jvm.dll+0x858d2e]
V  [jvm.dll+0x859413]
V  [jvm.dll+0x280e56]
V  [jvm.dll+0x6c74d5]
V  [jvm.dll+0x6bbeca]
V  [jvm.dll+0x355bca]
V  [jvm.dll+0x35d816]
V  [jvm.dll+0x3ae67e]
V  [jvm.dll+0x3ae928]
V  [jvm.dll+0x3295dc]
V  [jvm.dll+0x32a16b]
V  [jvm.dll+0x81efa9]
V  [jvm.dll+0x3bba01]
V  [jvm.dll+0x807928]
V  [jvm.dll+0x44f50e]
V  [jvm.dll+0x450e11]
C  [jli.dll+0x52a3]
C  [ucrtbase.dll+0x21bb2]
C  [KERNEL32.DLL+0x17344]
C  [ntdll.dll+0x526b1]


---------------  P R O C E S S  ---------------

Threads class SMR info:
_java_thread_list=0x00007fff9848bb88, length=0, elements={
}

Java Threads: ( => current thread )
Total: 0

Other Threads:
  0x000002185368dbb0 WorkerThread "GC Thread#0"                     [id=10744, stack(0x000000fec6b00000,0x000000fec6c00000) (1024K)]
  0x000002185369a860 ConcurrentGCThread "G1 Main Marker"            [id=8656, stack(0x000000fec6c00000,0x000000fec6d00000) (1024K)]
  0x000002185369b510 WorkerThread "G1 Conc#0"                       [id=4184, stack(0x000000fec6d00000,0x000000fec6e00000) (1024K)]

[error occurred during error reporting (printing all threads), id 0xc0000005, EXCEPTION_ACCESS_VIOLATION (0xc0000005) at pc=0x00007fff97bfc6a7]
VM state: not at safepoint (not fully initialized)

VM Mutex/Monitor currently owned by a thread:  ([mutex/lock_event])
[0x00007fff984fce68] Heap_lock - owner thread: 0x000002185159d5a0

Heap address: 0x0000000743200000, size: 3022 MB, Compressed Oops mode: Zero based, Oop shift amount: 3

CDS archive(s) mapped at: [0x0000000000000000-0x0000000000000000-0x0000000000000000), size 0, SharedBaseAddress: 0x0000000800000000, ArchiveRelocationMode: 1.
Narrow klass base: 0x0000000000000000, Narrow klass shift: 0, Narrow klass range: 0x0

GC Precious Log:
 CardTable entry size: 512
 Card Set container configuration: InlinePtr #cards 4 size 8 Array Of Cards #cards 16 size 48 Howl #buckets 8 coarsen threshold 3686 Howl Bitmap #cards 512 size 80 coarsen threshold 460 Card regions per heap region 1 cards per card region 4096

Heap:
 garbage-first heap   total 0K, used 0K [0x0000000743200000, 0x0000000800000000)
  region size 2048K, 0 young (0K), 0 survivors (0K)

[error occurred during error reporting (printing heap information), id 0xc0000005, EXCEPTION_ACCESS_VIOLATION (0xc0000005) at pc=0x00007fff97fe39f9]
GC Heap History (0 events):
No events

Dll operation events (1 events):
Event: 0.037 Loaded shared library C:\Program Files\Java\jdk-21\bin\java.dll

Deoptimization events (0 events):
No events

Classes loaded (0 events):
No events

Classes unloaded (0 events):
No events

Classes redefined (0 events):
No events

Internal exceptions (0 events):
No events

ZGC Phase Switch (0 events):
No events

VM Operations (0 events):
No events

Events (0 events):
No events


Dynamic libraries:
0x00007ff6edc80000 - 0x00007ff6edc90000 	C:\Program Files\Java\jdk-21\bin\java.exe
0x00007fffe1c10000 - 0x00007fffe1e08000 	C:\WINDOWS\SYSTEM32\ntdll.dll
0x00007fffe0870000 - 0x00007fffe092d000 	C:\WINDOWS\System32\KERNEL32.DLL
0x00007fffdf6a0000 - 0x00007fffdf996000 	C:\WINDOWS\System32\KERNELBASE.dll
0x00007fffdfb40000 - 0x00007fffdfc40000 	C:\WINDOWS\System32\ucrtbase.dll
0x00007fffd8ed0000 - 0x00007fffd8ee9000 	C:\Program Files\Java\jdk-21\bin\jli.dll
0x00007fffdff80000 - 0x00007fffe0030000 	C:\WINDOWS\System32\ADVAPI32.dll
0x00007fffe0930000 - 0x00007fffe09ce000 	C:\WINDOWS\System32\msvcrt.dll
0x00007fffe16f0000 - 0x00007fffe1790000 	C:\WINDOWS\System32\sechost.dll
0x00007fffdfc40000 - 0x00007fffdfd63000 	C:\WINDOWS\System32\RPCRT4.dll
0x00007fffdf3e0000 - 0x00007fffdf407000 	C:\WINDOWS\System32\bcrypt.dll
0x00007fffe1a30000 - 0x00007fffe1bcf000 	C:\WINDOWS\System32\USER32.dll
0x00007fffdf480000 - 0x00007fffdf4a2000 	C:\WINDOWS\System32\win32u.dll
0x00007fffe0fb0000 - 0x00007fffe0fdb000 	C:\WINDOWS\System32\GDI32.dll
0x00007fffdf2c0000 - 0x00007fffdf3d7000 	C:\WINDOWS\System32\gdi32full.dll
0x00007fffdfaa0000 - 0x00007fffdfb3d000 	C:\WINDOWS\System32\msvcp_win.dll
0x00007fffd8ef0000 - 0x00007fffd8f0b000 	C:\Program Files\Java\jdk-21\bin\VCRUNTIME140.dll
0x00007fffcd8c0000 - 0x00007fffcdb5a000 	C:\WINDOWS\WinSxS\amd64_microsoft.windows.common-controls_6595b64144ccf1df_6.0.19041.4355_none_60b8b9eb71f62e16\COMCTL32.dll
0x00007fffd27c0000 - 0x00007fffd27ca000 	C:\WINDOWS\SYSTEM32\VERSION.dll
0x00007fffe1040000 - 0x00007fffe1072000 	C:\WINDOWS\System32\IMM32.DLL
0x00007fffd90a0000 - 0x00007fffd90ac000 	C:\Program Files\Java\jdk-21\bin\vcruntime140_1.dll
0x00007fffbe870000 - 0x00007fffbe8fe000 	C:\Program Files\Java\jdk-21\bin\msvcp140.dll
0x00007fff978c0000 - 0x00007fff985d7000 	C:\Program Files\Java\jdk-21\bin\server\jvm.dll
0x00007fffe1080000 - 0x00007fffe10eb000 	C:\WINDOWS\System32\WS2_32.dll
0x00007fffded30000 - 0x00007fffded7b000 	C:\WINDOWS\SYSTEM32\POWRPROF.dll
0x00007fffcc3d0000 - 0x00007fffcc3f7000 	C:\WINDOWS\SYSTEM32\WINMM.dll
0x00007fffded10000 - 0x00007fffded22000 	C:\WINDOWS\SYSTEM32\UMPDC.dll
0x00007fffddae0000 - 0x00007fffddaf2000 	C:\WINDOWS\SYSTEM32\kernel.appcore.dll
0x00007fffd7600000 - 0x00007fffd760a000 	C:\Program Files\Java\jdk-21\bin\jimage.dll
0x00007fffdd880000 - 0x00007fffdda64000 	C:\WINDOWS\SYSTEM32\DBGHELP.DLL
0x00007fffccc90000 - 0x00007fffcccc4000 	C:\WINDOWS\SYSTEM32\dbgcore.DLL
0x00007fffdf4b0000 - 0x00007fffdf532000 	C:\WINDOWS\System32\bcryptPrimitives.dll
0x00007fffd75c0000 - 0x00007fffd75df000 	C:\Program Files\Java\jdk-21\bin\java.dll

dbghelp: loaded successfully - version: 4.0.5 - missing functions: none
symbol engine: initialized successfully - sym options: 0x614 - pdb path: .;C:\Program Files\Java\jdk-21\bin;C:\WINDOWS\SYSTEM32;C:\WINDOWS\WinSxS\amd64_microsoft.windows.common-controls_6595b64144ccf1df_6.0.19041.4355_none_60b8b9eb71f62e16;C:\Program Files\Java\jdk-21\bin\server

VM Arguments:
java_command: C:\Users\mrarr\AppData\Local\Temp\surefire4352506367855866414\surefirebooter18087817717624634378.jar C:\Users\mrarr\AppData\Local\Temp\surefire4352506367855866414 2024-06-10T20-21-40_831-jvmRun1 surefire2167574263639124544tmp surefire_09993631793179771104tmp
java_class_path (initial): C:\Users\mrarr\AppData\Local\Temp\surefire4352506367855866414\surefirebooter18087817717624634378.jar
Launcher Type: SUN_STANDARD

[Global flags]
     intx CICompilerCount                          = 3                                         {product} {ergonomic}
     uint ConcGCThreads                            = 1                                         {product} {ergonomic}
     uint G1ConcRefinementThreads                  = 4                                         {product} {ergonomic}
   size_t G1HeapRegionSize                         = 2097152                                   {product} {ergonomic}
    uintx GCDrainStackTargetSize                   = 64                                        {product} {ergonomic}
   size_t InitialHeapSize                          = 199229440                                 {product} {ergonomic}
   size_t MarkStackSize                            = 4194304                                   {product} {ergonomic}
   size_t MaxHeapSize                              = 3168796672                                {product} {ergonomic}
   size_t MinHeapDeltaBytes                        = 2097152                                   {product} {ergonomic}
   size_t MinHeapSize                              = 8388608                                   {product} {ergonomic}
    uintx NonNMethodCodeHeapSize                   = 5832780                                {pd product} {ergonomic}
    uintx NonProfiledCodeHeapSize                  = 122912730                              {pd product} {ergonomic}
    uintx ProfiledCodeHeapSize                     = 122912730                              {pd product} {ergonomic}
    uintx ReservedCodeCacheSize                    = 251658240                              {pd product} {ergonomic}
     bool SegmentedCodeCache                       = true                                      {product} {ergonomic}
   size_t SoftMaxHeapSize                          = 3168796672                             {manageable} {ergonomic}
     bool UseCompressedOops                        = true                           {product lp64_product} {ergonomic}
     bool UseG1GC                                  = true                                      {product} {ergonomic}
     bool UseLargePagesIndividualAllocation        = false                                  {pd product} {ergonomic}

Logging:
Log output configuration:
 #0: stdout all=warning uptime,level,tags foldmultilines=false
 #1: stderr all=off uptime,level,tags foldmultilines=false

Environment Variables:
JAVA_HOME=C:\Program Files\Java\jdk-21
PATH=c:\Users\mrarr\AppData\Local\Programs\cursor\resources\app\bin;C:\Program Files\Common Files\Oracle\Java\javapath;C:\Program Files (x86)\Common Files\Oracle\Java\java8path;C:\Program Files (x86)\Common Files\Oracle\Java\javapath;C:\Program Files\Microsoft\jdk-11.0.16.101-hotspot\bin;C:\WINDOWS\system32;C:\WINDOWS;C:\WINDOWS\System32\Wbem;C:\WINDOWS\System32\WindowsPowerShell\v1.0\;C:\WINDOWS\System32\OpenSSH\;C:\Program Files (x86)\Intel\Intel(R) Management Engine Components\DAL;C:\Program Files\Intel\Intel(R) Management Engine Components\DAL;C:\Program Files\nodejs\;C:\ProgramData\chocolatey\bin;C:\Program Files\Java\jdk-1.8\bin;C:\Maven\bin;C:\Program Files\Git\cmd;C:\Users\mrarr\AppData\Local\Microsoft\WindowsApps;C:\Users\mrarr\AppData\Roaming\npm;C:\Program Files\JetBrains\IntelliJ IDEA Community Edition 2024.1.1\bin;c:\Users\mrarr\AppData\Local\Programs\cursor\resources\app\bin;C:\Program Files\Java\jdk-21\bin;C:\Users\mrarr\AppData\Local\Microsoft\WindowsApps;;C:\Users\mrarr\AppData\Local\Programs\Microsoft VS Code\bin;C:\Users\mrarr\AppData\Roaming\npm;C:\Program Files\JetBrains\IntelliJ IDEA Community Edition 2024.1.1\bin;
USERNAME=mrarr
OS=Windows_NT
PROCESSOR_IDENTIFIER=Intel64 Family 6 Model 78 Stepping 3, GenuineIntel
TMP=C:\Users\mrarr\AppData\Local\Temp
TEMP=C:\Users\mrarr\AppData\Local\Temp




Periodic native trim disabled

---------------  S Y S T E M  ---------------

OS:
 Windows 10 , 64 bit Build 19041 (10.0.19041.3636)
OS uptime: 2 days 22:31 hours
Hyper-V role detected

CPU: total 4 (initial active 4) (2 cores per cpu, 2 threads per core) family 6 model 78 stepping 3 microcode 0xcc, cx8, cmov, fxsr, ht, mmx, 3dnowpref, sse, sse2, sse3, ssse3, sse4.1, sse4.2, popcnt, lzcnt, tsc, tscinvbit, avx, avx2, aes, erms, clmul, bmi1, bmi2, adx, fma, vzeroupper, clflush, clflushopt, hv, rdtscp, f16c
Processor Information for all 4 processors :
  Max Mhz: 1992, Current Mhz: 1992, Mhz Limit: 1992

Memory: 4k page, system-wide physical 12085M (2175M free)
TotalPageFile size 12085M (AvailPageFile size 16M)
current process WorkingSet (physical memory assigned to process): 10M, peak: 10M
current process commit charge ("private bytes"): 51M, peak: 241M

vm_info: Java HotSpot(TM) 64-Bit Server VM (21.0.2+13-LTS-58) for windows-amd64 JRE (21.0.2+13-LTS-58), built on 2024-01-05T18:32:24Z by "mach5one" with MS VC++ 17.1 (VS2022)

END.
