JvmtiExport can_access_local_variables 0
JvmtiExport can_hotswap_or_post_breakpoint 0
JvmtiExport can_post_on_exceptions 0
# 390 ciObject found
instanceKlass net/serenitybdd/rest/SerenityRest
instanceKlass net/thucydides/core/steps/StepName
instanceKlass net/thucydides/core/model/stacktrace/StackTraceSanitizer
instanceKlass net/thucydides/core/model/TestOutcome$$Lambda$384
instanceKlass net/thucydides/core/steps/ReplaceField$ReplaceFieldBuilder
instanceKlass net/thucydides/core/steps/ReplaceField
instanceKlass net/thucydides/core/steps/MetaField
instanceKlass net/thucydides/core/steps/AnnotatedStepDescription$AnnotatedFieldValuesBuilder
instanceKlass net/thucydides/core/annotations/Title
instanceKlass net/thucydides/core/annotations/StepGroup
instanceKlass net/thucydides/core/reflection/MethodFinder$$Lambda$383
instanceKlass net/thucydides/core/reflection/MethodFinder$$Lambda$382
instanceKlass net/thucydides/core/reflection/MethodFinder$$Lambda$381
instanceKlass net/thucydides/core/reflection/MethodFinder$$Lambda$380
instanceKlass net/thucydides/core/reflection/MethodFinder
instanceKlass net/thucydides/core/steps/ScreenplayInspector$$Lambda$379
instanceKlass net/thucydides/core/steps/ScreenplayInspector
instanceKlass net/serenitybdd/core/steps/HasCustomFieldValues
instanceKlass net/thucydides/core/annotations/Fields$FieldValueBuilder$FieldValueProvider
instanceKlass net/thucydides/core/annotations/Fields$FieldValueBuilder
instanceKlass net/thucydides/core/steps/StepNamer
instanceKlass net/thucydides/core/util/JUnitAdapter$JUnit4Strategy$$Lambda$378
instanceKlass net/thucydides/core/util/JUnitAdapter$$Lambda$377
instanceKlass net/thucydides/core/util/JUnitAdapter$$Lambda$376
instanceKlass net/thucydides/core/annotations/Pending
instanceKlass net/thucydides/core/steps/ExampleTables$WithHeaders
instanceKlass net/thucydides/core/steps/ExampleTables
instanceKlass net/thucydides/core/steps/StepInterceptor$$Lambda$375
instanceKlass net/serenitybdd/markers/IsHidden
instanceKlass net/thucydides/core/steps/StepInterceptor$$Lambda$374
instanceKlass net/serenitybdd/markers/CanBeSilent
instanceKlass net/serenitybdd/markers/IsSilent
instanceKlass net/serenitybdd/core/lifecycle/LifecycleRegister$$Lambda$373
instanceKlass net/serenitybdd/core/Serenity$SerenityConfigurer
instanceKlass net/thucydides/core/steps/StepsAnnotatedField$$Lambda$372
instanceKlass net/thucydides/core/steps/StepsAnnotatedField$$Lambda$371
instanceKlass net/thucydides/core/util/Inflection
instanceKlass net/thucydides/core/reflection/FieldSetter
instanceKlass net/thucydides/core/steps/PageObjectDependencyInjector$$Lambda$370
instanceKlass net/serenitybdd/core/injectors/EnvironmentDependencyInjector$$Lambda$369
instanceKlass net/serenitybdd/core/injectors/EnvironmentDependencyInjector
instanceKlass net/thucydides/core/steps/PageObjectDependencyInjector
instanceKlass net/serenitybdd/core/di/DependencyInjector
instanceKlass net/thucydides/core/steps/construction/StepLibraryConstructionStrategy$$Lambda$368
instanceKlass net/thucydides/core/steps/construction/StepLibraryConstructionStrategy$$Lambda$367
instanceKlass net/thucydides/core/steps/construction/StepLibraryConstructionStrategy$$Lambda$366
instanceKlass net/thucydides/core/steps/construction/StepLibraryConstructionStrategy$$Lambda$365
instanceKlass net/thucydides/core/steps/ScenarioSteps
instanceKlass net/thucydides/core/steps/construction/StepLibraryConstructionStrategy
instanceKlass net/bytebuddy/dynamic/loading/ClassLoadingStrategy$Default$InjectionDispatcher
instanceKlass net/bytebuddy/dynamic/loading/PackageDefinitionStrategy$Definition
instanceKlass net/bytebuddy/dynamic/loading/ClassLoadingStrategy$Default$WrappingDispatcher
instanceKlass net/bytebuddy/dynamic/loading/ClassLoadingStrategy$Configurable
instanceKlass java/lang/AssertionStatusDirectives
instanceKlass net/bytebuddy/dynamic/loading/ClassInjector$UsingReflection$Dispatcher$Direct
instanceKlass net/bytebuddy/dynamic/loading/ClassInjector$UsingReflection$Dispatcher
instanceKlass net/bytebuddy/utility/JavaModule$Module
instanceKlass net/bytebuddy/utility/JavaModule$Resolver
instanceKlass net/bytebuddy/utility/JavaModule
instanceKlass net/bytebuddy/dynamic/loading/ClassInjector$UsingReflection$Dispatcher$Initializable
instanceKlass net/bytebuddy/dynamic/loading/PackageDefinitionStrategy
instanceKlass net/bytebuddy/dynamic/DynamicType$Loaded
instanceKlass net/bytebuddy/dynamic/DynamicType$Default
instanceKlass net/bytebuddy/jar/asm/Handler
instanceKlass net/bytebuddy/jar/asm/Attribute
instanceKlass net/bytebuddy/dynamic/DynamicType$Unloaded
instanceKlass net/bytebuddy/dynamic/DynamicType
instanceKlass net/bytebuddy/dynamic/scaffold/TypeWriter$Default$UnresolvedType
instanceKlass net/bytebuddy/implementation/bytecode/constant/TextConstant
instanceKlass net/bytebuddy/implementation/bytecode/constant/ClassConstant$ForReferenceType
instanceKlass net/bytebuddy/implementation/bytecode/ByteCodeAppender$Compound
instanceKlass net/bytebuddy/dynamic/scaffold/TypeInitializer$Simple
instanceKlass net/bytebuddy/implementation/bytecode/ByteCodeAppender$Simple
instanceKlass net/bytebuddy/dynamic/scaffold/TypeInitializer$Drain$Default
instanceKlass net/bytebuddy/implementation/bytecode/member/MethodVariableAccess$MethodLoading
instanceKlass net/bytebuddy/implementation/bytecode/ByteCodeAppender$Size
instanceKlass net/bytebuddy/description/method/ParameterDescription$Token
instanceKlass net/bytebuddy/implementation/Implementation$Context$Default$FieldCacheEntry
instanceKlass net/bytebuddy/implementation/bind/MethodDelegationBinder$MethodBinding$Builder$Build
instanceKlass net/bytebuddy/implementation/bind/annotation/SuperMethod$Binder$DelegationMethod
instanceKlass net/bytebuddy/implementation/bytecode/member/MethodInvocation$DynamicInvocation
instanceKlass net/bytebuddy/implementation/bytecode/member/MethodInvocation$Invocation
